<?xml version="1.0" encoding="UTF-8"?>
<testsuite xmlns:xsi="http://www.w3.org/2001/XMLSchema-instance" xsi:noNamespaceSchemaLocation="https://maven.apache.org/surefire/maven-surefire-plugin/xsd/surefire-test-report.xsd" name="no.kristiania.httpserver.HttpServerTest" time="0.154" tests="7" errors="0" skipped="0" failures="0">
  <properties>
[...]
</properties>
  <testcase name="shouldReturnUnsuccessfulStatusCode" classname="no.kristiania.httpserver.HttpServerTest" time="0.08"/>
  <testcase name="shouldReturnResponseBody" classname="no.kristiania.httpserver.HttpServerTest" time="0.002"/>
  <testcase name="shouldReturnSuccessfulStatusCode" classname="no.kristiania.httpserver.HttpServerTest" time="0.002"/>
  <testcase name="shouldReturnFileFromDisk" classname="no.kristiania.httpserver.HttpServerTest" time="0.044"/>
  <testcase name="shouldReturn404IfFileNotFound" classname="no.kristiania.httpserver.HttpServerTest" time="0.009"/>
  <testcase name="shouldReturnCorrectContentType" classname="no.kristiania.httpserver.HttpServerTest" time="0.003"/>
  <testcase name="shouldReturnContentLength" classname="no.kristiania.httpserver.HttpServerTest" time="0.002"/>
</testsuite>